<?xml version="1.0" encoding="UTF-8"?>
<!-- Generated by org.testng.reporters.JUnitReportReporter -->
<testsuite hostname="DESKTOP-RCT1VEK" failures="0" tests="1" name="lesson.three.VatCalculatorTest" time="0.009" errors="0" timestamp="2023-06-22T16:19:31 ICT" skipped="0">
  <testcase classname="lesson.three.VatCalculatorTest" name="testVatCalculatorTest" time="0.009"/>
</testsuite> <!-- lesson.three.VatCalculatorTest -->
