<?xml version="1.0" encoding="UTF-8"?>
<!-- Generated by org.testng.reporters.JUnitReportReporter -->
<testsuite hostname="DESKTOP-RCT1VEK" failures="0" tests="1" name="lesson.one.TestNgFile" time="0.007" errors="0" timestamp="2023-06-22T16:06:02 ICT" skipped="0">
  <testcase classname="lesson.one.TestNgFile" name="test" time="0.007"/>
</testsuite> <!-- lesson.one.TestNgFile -->
