<?xml version="1.0" encoding="UTF-8"?>
<!-- Generated by org.testng.reporters.JUnitReportReporter -->
<testsuite hostname="DESKTOP-RCT1VEK" failures="0" tests="3" name="selenium.GroupExampleTest" time="0.006" errors="0" timestamp="2023-06-22T09:14:39 ICT" skipped="0">
  <testcase classname="selenium.GroupExampleTest" name="testTwo" time="0.000"/>
  <testcase classname="selenium.GroupExampleTest" name="testOne" time="0.005"/>
  <testcase classname="selenium.GroupExampleTest" name="testThree" time="0.001"/>
</testsuite> <!-- selenium.GroupExampleTest -->
