<?xml version="1.0" encoding="UTF-8"?>
<!-- Generated by org.testng.reporters.JUnitReportReporter -->
<testsuite hostname="DESKTOP-RCT1VEK" failures="0" tests="2" name="testngxml.SimpleTest" time="0.007" errors="0" timestamp="2023-06-22T09:20:43 ICT" skipped="0">
  <testcase classname="testngxml.SimpleTest" name="test1" time="0.006"/>
  <testcase classname="testngxml.SimpleTest" name="test2" time="0.001"/>
</testsuite> <!-- testngxml.SimpleTest -->
