<?xml version="1.0" encoding="UTF-8"?>
<!-- Generated by org.testng.reporters.JUnitReportReporter -->
<testsuite hostname="DESKTOP-RCT1VEK" failures="0" tests="1" name="selenium.GoogleSeleniumTest" time="3.312" errors="0" timestamp="2023-06-22T08:39:49 ICT" skipped="0">
  <testcase classname="selenium.GoogleSeleniumTest" name="test" time="3.312"/>
</testsuite> <!-- selenium.GoogleSeleniumTest -->
