<?xml version="1.0" encoding="UTF-8"?>
<!-- Generated by org.testng.reporters.JUnitReportReporter -->
<testsuite hostname="DESKTOP-RCT1VEK" failures="0" tests="2" name="lesson.two.DemoXmlTwoTest" time="0.000" errors="0" timestamp="2023-06-22T17:05:27 ICT" skipped="0">
  <testcase classname="lesson.two.DemoXmlTwoTest" name="testOne" time="0.000"/>
  <testcase classname="lesson.two.DemoXmlTwoTest" name="testTwo" time="0.000"/>
</testsuite> <!-- lesson.two.DemoXmlTwoTest -->
