<?xml version="1.0" encoding="UTF-8"?>
<!-- Generated by org.testng.reporters.JUnitReportReporter -->
<testsuite hostname="DESKTOP-RCT1VEK" failures="0" tests="1" name="lesson.one.Fpoly" time="2.467" errors="0" timestamp="2023-06-22T16:58:54 ICT" skipped="0">
  <testcase classname="lesson.one.Fpoly" name="test" time="2.467"/>
</testsuite> <!-- lesson.one.Fpoly -->
