<?xml version="1.0" encoding="UTF-8"?>
<!-- Generated by org.testng.reporters.JUnitReportReporter -->
<testsuite hostname="DESKTOP-RCT1VEK" failures="0" tests="2" name="lesson.two.DemoXmlTest" time="0.007" errors="0" timestamp="2023-06-22T17:05:27 ICT" skipped="0">
  <testcase classname="lesson.two.DemoXmlTest" name="testTwo" time="0.000"/>
  <testcase classname="lesson.two.DemoXmlTest" name="testOne" time="0.007"/>
</testsuite> <!-- lesson.two.DemoXmlTest -->
